mode: set
github.com/davesavic/ploy/pkg/ploy/ploy.go:50.75,52.13 2 1
github.com/davesavic/ploy/pkg/ploy/ploy.go:52.13,54.3 1 1
github.com/davesavic/ploy/pkg/ploy/ploy.go:56.2,58.26 2 1
github.com/davesavic/ploy/pkg/ploy/ploy.go:58.26,60.3 1 1
github.com/davesavic/ploy/pkg/ploy/ploy.go:62.2,62.31 1 1
github.com/davesavic/ploy/pkg/ploy/ploy.go:62.31,66.14 3 1
github.com/davesavic/ploy/pkg/ploy/ploy.go:66.14,68.4 1 1
github.com/davesavic/ploy/pkg/ploy/ploy.go:70.3,71.17 2 1
github.com/davesavic/ploy/pkg/ploy/ploy.go:71.17,73.4 1 0
github.com/davesavic/ploy/pkg/ploy/ploy.go:75.3,76.17 2 1
github.com/davesavic/ploy/pkg/ploy/ploy.go:76.17,78.4 1 0
github.com/davesavic/ploy/pkg/ploy/ploy.go:80.3,80.16 1 1
github.com/davesavic/ploy/pkg/ploy/ploy.go:80.16,82.4 1 0
github.com/davesavic/ploy/pkg/ploy/ploy.go:84.3,93.17 3 1
github.com/davesavic/ploy/pkg/ploy/ploy.go:93.17,95.4 1 0
github.com/davesavic/ploy/pkg/ploy/ploy.go:97.3,97.16 1 1
github.com/davesavic/ploy/pkg/ploy/ploy.go:97.16,99.4 1 0
github.com/davesavic/ploy/pkg/ploy/ploy.go:101.3,101.30 1 1
github.com/davesavic/ploy/pkg/ploy/ploy.go:101.30,103.15 2 1
github.com/davesavic/ploy/pkg/ploy/ploy.go:103.15,105.5 1 1
github.com/davesavic/ploy/pkg/ploy/ploy.go:107.4,109.31 2 1
github.com/davesavic/ploy/pkg/ploy/ploy.go:109.31,112.18 2 1
github.com/davesavic/ploy/pkg/ploy/ploy.go:112.18,114.6 1 0
github.com/davesavic/ploy/pkg/ploy/ploy.go:116.5,117.19 2 1
github.com/davesavic/ploy/pkg/ploy/ploy.go:117.19,119.6 1 0
github.com/davesavic/ploy/pkg/ploy/ploy.go:121.5,122.19 2 1
github.com/davesavic/ploy/pkg/ploy/ploy.go:122.19,124.6 1 0
github.com/davesavic/ploy/pkg/ploy/ploy.go:126.5,126.18 1 1
github.com/davesavic/ploy/pkg/ploy/ploy.go:126.18,128.6 1 0
github.com/davesavic/ploy/pkg/ploy/ploy.go:130.5,130.60 1 1
github.com/davesavic/ploy/pkg/ploy/ploy.go:130.60,132.6 1 0
github.com/davesavic/ploy/pkg/ploy/ploy.go:136.3,136.40 1 1
github.com/davesavic/ploy/pkg/ploy/ploy.go:136.40,138.4 1 0
github.com/davesavic/ploy/pkg/ploy/ploy.go:141.2,141.26 1 1
github.com/davesavic/ploy/pkg/ploy/ploy.go:144.53,148.27 3 1
github.com/davesavic/ploy/pkg/ploy/ploy.go:148.27,150.3 1 1
github.com/davesavic/ploy/pkg/ploy/ploy.go:158.74,162.13 3 1
github.com/davesavic/ploy/pkg/ploy/ploy.go:162.13,164.3 1 1
github.com/davesavic/ploy/pkg/ploy/ploy.go:166.2,166.29 1 1
github.com/davesavic/ploy/pkg/ploy/ploy.go:166.29,168.14 2 1
github.com/davesavic/ploy/pkg/ploy/ploy.go:168.14,170.4 1 1
github.com/davesavic/ploy/pkg/ploy/ploy.go:172.3,172.26 1 1
github.com/davesavic/ploy/pkg/ploy/ploy.go:172.26,179.18 6 1
github.com/davesavic/ploy/pkg/ploy/ploy.go:179.18,181.5 1 0
github.com/davesavic/ploy/pkg/ploy/ploy.go:185.2,185.26 1 1
