mode: set
github.com/davesavic/ploy/pkg/ploy/ploy.go:49.75,51.13 2 1
github.com/davesavic/ploy/pkg/ploy/ploy.go:51.13,53.3 1 1
github.com/davesavic/ploy/pkg/ploy/ploy.go:55.2,57.26 2 1
github.com/davesavic/ploy/pkg/ploy/ploy.go:57.26,59.3 1 1
github.com/davesavic/ploy/pkg/ploy/ploy.go:61.2,61.31 1 1
github.com/davesavic/ploy/pkg/ploy/ploy.go:61.31,65.14 3 1
github.com/davesavic/ploy/pkg/ploy/ploy.go:65.14,67.4 1 1
github.com/davesavic/ploy/pkg/ploy/ploy.go:69.3,70.17 2 1
github.com/davesavic/ploy/pkg/ploy/ploy.go:70.17,72.4 1 0
github.com/davesavic/ploy/pkg/ploy/ploy.go:74.3,75.17 2 1
github.com/davesavic/ploy/pkg/ploy/ploy.go:75.17,77.4 1 0
github.com/davesavic/ploy/pkg/ploy/ploy.go:79.3,88.17 3 1
github.com/davesavic/ploy/pkg/ploy/ploy.go:88.17,90.4 1 0
github.com/davesavic/ploy/pkg/ploy/ploy.go:92.3,92.30 1 1
github.com/davesavic/ploy/pkg/ploy/ploy.go:92.30,94.15 2 1
github.com/davesavic/ploy/pkg/ploy/ploy.go:94.15,96.5 1 1
github.com/davesavic/ploy/pkg/ploy/ploy.go:98.4,98.31 1 1
github.com/davesavic/ploy/pkg/ploy/ploy.go:98.31,101.19 3 1
github.com/davesavic/ploy/pkg/ploy/ploy.go:101.19,103.6 1 0
github.com/davesavic/ploy/pkg/ploy/ploy.go:105.5,106.19 2 1
github.com/davesavic/ploy/pkg/ploy/ploy.go:106.19,108.6 1 0
github.com/davesavic/ploy/pkg/ploy/ploy.go:110.5,112.60 2 1
github.com/davesavic/ploy/pkg/ploy/ploy.go:112.60,114.6 1 0
github.com/davesavic/ploy/pkg/ploy/ploy.go:118.3,118.40 1 1
github.com/davesavic/ploy/pkg/ploy/ploy.go:118.40,120.4 1 0
github.com/davesavic/ploy/pkg/ploy/ploy.go:123.2,123.26 1 1
github.com/davesavic/ploy/pkg/ploy/ploy.go:126.53,130.27 3 1
github.com/davesavic/ploy/pkg/ploy/ploy.go:130.27,132.3 1 1
github.com/davesavic/ploy/pkg/ploy/ploy.go:139.74,143.13 3 1
github.com/davesavic/ploy/pkg/ploy/ploy.go:143.13,145.3 1 1
github.com/davesavic/ploy/pkg/ploy/ploy.go:147.2,147.29 1 1
github.com/davesavic/ploy/pkg/ploy/ploy.go:147.29,149.14 2 1
github.com/davesavic/ploy/pkg/ploy/ploy.go:149.14,151.4 1 1
github.com/davesavic/ploy/pkg/ploy/ploy.go:153.3,153.26 1 1
github.com/davesavic/ploy/pkg/ploy/ploy.go:153.26,160.18 6 1
github.com/davesavic/ploy/pkg/ploy/ploy.go:160.18,162.5 1 0
github.com/davesavic/ploy/pkg/ploy/ploy.go:166.2,166.26 1 1
